Copyright 1986-2020 Xilinx, Inc. All Rights Reserved.
------------------------------------------------------------------------------------------------------------------------------------------------------------------------
| Tool Version : Vivado v.2020.2 (lin64) Build 3064766 Wed Nov 18 09:12:47 MST 2020
| Date         : Tue Feb  1 10:28:11 2022
| Host         : mconsonni-All-Series running 64-bit Ubuntu 20.04.3 LTS
| Command      : report_drc -file AXI4Stream_OverflowCounter_drc_routed.rpt -pb AXI4Stream_OverflowCounter_drc_routed.pb -rpx AXI4Stream_OverflowCounter_drc_routed.rpx
| Design       : AXI4Stream_OverflowCounter
| Device       : xc7k70tfbv676-1
| Speed File   : -1
| Design State : Fully Routed
------------------------------------------------------------------------------------------------------------------------------------------------------------------------

Report DRC

Table of Contents
-----------------
1. REPORT SUMMARY
2. REPORT DETAILS

1. REPORT SUMMARY
-----------------
            Netlist: netlist
          Floorplan: design_1
      Design limits: <entire design considered>
           Ruledeck: default
             Max violations: <unlimited>
             Violations found: 3
+----------+------------------+-----------------------------------------------------+------------+
| Rule     | Severity         | Description                                         | Violations |
+----------+------------------+-----------------------------------------------------+------------+
| NSTD-1   | Critical Warning | Unspecified I/O Standard                            | 1          |
| UCIO-1   | Critical Warning | Unconstrained Logical Port                          | 1          |
| CFGBVS-1 | Warning          | Missing CFGBVS and CONFIG_VOLTAGE Design Properties | 1          |
+----------+------------------+-----------------------------------------------------+------------+

2. REPORT DETAILS
-----------------
NSTD-1#1 Critical Warning
Unspecified I/O Standard  
86 out of 86 logical ports use I/O standard (IOSTANDARD) value 'DEFAULT', instead of a user assigned specific value. This may cause I/O contention or incompatibility with the board power or connectivity affecting performance, signal integrity or in extreme cases cause damage to the device or the components to which it is connected. To correct this violation, specify all I/O standards. This design will fail to generate a bitstream unless all logical ports have a user specified I/O standard value defined. To allow bitstream creation with unspecified I/O standard values (not recommended), use this command: set_property SEVERITY {Warning} [get_drc_checks NSTD-1].  NOTE: When using the Vivado Runs infrastructure (e.g. launch_runs Tcl command), add this command to a .tcl file and add that file as a pre-hook for write_bitstream step for the implementation run. Problem ports: m00_axis_beltbus_tdata[55:0], s00_axis_timestamp_tdata[11],
s00_axis_timestamp_tdata[12], s00_axis_timestamp_tdata[13],
s00_axis_timestamp_tdata[14], s00_axis_timestamp_tdata[15],
s00_axis_timestamp_tdata[16], s00_axis_timestamp_tdata[17],
s00_axis_timestamp_tdata[18], s00_axis_timestamp_tdata[19],
s00_axis_timestamp_tdata[20], s00_axis_timestamp_tdata[21],
s00_axis_timestamp_tdata[22], s00_axis_timestamp_tdata[23],
s00_axis_timestamp_tdata[24] (the first 15 of 31 listed).
Related violations: <none>

UCIO-1#1 Critical Warning
Unconstrained Logical Port  
86 out of 86 logical ports have no user assigned specific location constraint (LOC). This may cause I/O contention or incompatibility with the board power or connectivity affecting performance, signal integrity or in extreme cases cause damage to the device or the components to which it is connected. To correct this violation, specify all pin locations. This design will fail to generate a bitstream unless all logical ports have a user specified site LOC constraint defined.  To allow bitstream creation with unspecified pin locations (not recommended), use this command: set_property SEVERITY {Warning} [get_drc_checks UCIO-1].  NOTE: When using the Vivado Runs infrastructure (e.g. launch_runs Tcl command), add this command to a .tcl file and add that file as a pre-hook for write_bitstream step for the implementation run.  Problem ports: m00_axis_beltbus_tdata[55:0], s00_axis_timestamp_tdata[11],
s00_axis_timestamp_tdata[12], s00_axis_timestamp_tdata[13],
s00_axis_timestamp_tdata[14], s00_axis_timestamp_tdata[15],
s00_axis_timestamp_tdata[16], s00_axis_timestamp_tdata[17],
s00_axis_timestamp_tdata[18], s00_axis_timestamp_tdata[19],
s00_axis_timestamp_tdata[20], s00_axis_timestamp_tdata[21],
s00_axis_timestamp_tdata[22], s00_axis_timestamp_tdata[23],
s00_axis_timestamp_tdata[24] (the first 15 of 31 listed).
Related violations: <none>

CFGBVS-1#1 Warning
Missing CFGBVS and CONFIG_VOLTAGE Design Properties  
Neither the CFGBVS nor CONFIG_VOLTAGE voltage property is set in the current_design.  Configuration bank voltage select (CFGBVS) must be set to VCCO or GND, and CONFIG_VOLTAGE must be set to the correct configuration voltage, in order to determine the I/O voltage support for the pins in bank 0.  It is suggested to specify these either using the 'Edit Device Properties' function in the GUI or directly in the XDC file using the following syntax:

 set_property CFGBVS value1 [current_design]
 #where value1 is either VCCO or GND

 set_property CONFIG_VOLTAGE value2 [current_design]
 #where value2 is the voltage provided to configuration bank 0

Refer to the device configuration user guide for more information.
Related violations: <none>


